# JRE version: OpenJDK Runtime Environment (17.0.7) (build 17.0.7+0-b2043.56-10550314)
# Java VM: OpenJDK 64-Bit Server VM (17.0.7+0-b2043.56-10550314, mixed mode, tiered, compressed oops, compressed class ptrs, g1 gc, windows-amd64)
GC Precious Log:
 CPUs: 12 total, 12 available
 Memory: 7812M
 Large Page Support: Disabled
 NUMA Support: Disabled
 Compressed Oops: Enabled (32-bit)
 Heap Region Size: 1M
 Heap Min Capacity: 8M
 Heap Initial Capacity: 124M
 Heap Max Capacity: 2G
 Pre-touch: Disabled
 Parallel Workers: 10
 Concurrent Workers: 3
 Concurrent Refinement Workers: 10
 Periodic GC: Disabled
Heap:
 garbage-first heap   total 243712K, used 197137K [0x0000000080000000, 0x0000000100000000)
  region size 1024K, 8 young (8192K), 3 survivors (3072K)
 Metaspace       used 117393K, committed 118336K, reserved 1179648K
  class space    used 15569K, committed 16000K, reserved 1048576K
GC Heap History (20 events):
Event: 13.079 GC heap before
{Heap before GC invocations=31 (full 0):
 garbage-first heap   total 243712K, used 201995K [0x0000000080000000, 0x0000000100000000)
  region size 1024K, 67 young (68608K), 5 survivors (5120K)
 Metaspace       used 101082K, committed 101824K, reserved 1179648K
  class space    used 13553K, committed 13888K, reserved 1048576K
}
Event: 13.084 GC heap after
{Heap after GC invocations=32 (full 0):
 garbage-first heap   total 243712K, used 143517K [0x0000000080000000, 0x0000000100000000)
  region size 1024K, 9 young (9216K), 9 survivors (9216K)
 Metaspace       used 101082K, committed 101824K, reserved 1179648K
  class space    used 13553K, committed 13888K, reserved 1048576K
}
Event: 13.096 GC heap before
{Heap before GC invocations=32 (full 0):
 garbage-first heap   total 243712K, used 145565K [0x0000000080000000, 0x0000000100000000)
  region size 1024K, 11 young (11264K), 9 survivors (9216K)
 Metaspace       used 101137K, committed 101888K, reserved 1179648K
  class space    used 13558K, committed 13888K, reserved 1048576K
}
Event: 13.100 GC heap after
{Heap after GC invocations=33 (full 0):
 garbage-first heap   total 243712K, used 143692K [0x0000000080000000, 0x0000000100000000)
  region size 1024K, 1 young (1024K), 1 survivors (1024K)
 Metaspace       used 101137K, committed 101888K, reserved 1179648K
  class space    used 13558K, committed 13888K, reserved 1048576K
}
Event: 13.606 GC heap before
{Heap before GC invocations=33 (full 0):
 garbage-first heap   total 243712K, used 204108K [0x0000000080000000, 0x0000000100000000)
  region size 1024K, 60 young (61440K), 1 survivors (1024K)
 Metaspace       used 106091K, committed 106816K, reserved 1179648K
  class space    used 14225K, committed 14592K, reserved 1048576K
}
Event: 13.611 GC heap after
{Heap after GC invocations=34 (full 0):
 garbage-first heap   total 243712K, used 146018K [0x0000000080000000, 0x0000000100000000)
  region size 1024K, 3 young (3072K), 3 survivors (3072K)
 Metaspace       used 106091K, committed 106816K, reserved 1179648K
  class space    used 14225K, committed 14592K, reserved 1048576K
}
Event: 14.181 GC heap before
{Heap before GC invocations=34 (full 0):
 garbage-first heap   total 243712K, used 205410K [0x0000000080000000, 0x0000000100000000)
  region size 1024K, 61 young (62464K), 3 survivors (3072K)
 Metaspace       used 110655K, committed 111488K, reserved 1179648K
  class space    used 14824K, committed 15232K, reserved 1048576K
}
Event: 14.187 GC heap after
{Heap after GC invocations=35 (full 0):
 garbage-first heap   total 243712K, used 151820K [0x0000000080000000, 0x0000000100000000)
  region size 1024K, 8 young (8192K), 8 survivors (8192K)
 Metaspace       used 110655K, committed 111488K, reserved 1179648K
  class space    used 14824K, committed 15232K, reserved 1048576K
}
Event: 953.628 GC heap before
{Heap before GC invocations=35 (full 0):
 garbage-first heap   total 243712K, used 205068K [0x0000000080000000, 0x0000000100000000)
  region size 1024K, 60 young (61440K), 8 survivors (8192K)
 Metaspace       used 111423K, committed 112192K, reserved 1179648K
  class space    used 14874K, committed 15232K, reserved 1048576K
}
Event: 953.649 GC heap after
{Heap after GC invocations=36 (full 0):
 garbage-first heap   total 243712K, used 155264K [0x0000000080000000, 0x0000000100000000)
  region size 1024K, 4 young (4096K), 4 survivors (4096K)
 Metaspace       used 111423K, committed 112192K, reserved 1179648K
  class space    used 14874K, committed 15232K, reserved 1048576K
}
Event: 954.408 GC heap before
{Heap before GC invocations=36 (full 0):
 garbage-first heap   total 243712K, used 206464K [0x0000000080000000, 0x0000000100000000)
  region size 1024K, 54 young (55296K), 4 survivors (4096K)
 Metaspace       used 112788K, committed 113664K, reserved 1179648K
  class space    used 15027K, committed 15424K, reserved 1048576K
}
Event: 954.418 GC heap after
{Heap after GC invocations=37 (full 0):
 garbage-first heap   total 243712K, used 162936K [0x0000000080000000, 0x0000000100000000)
  region size 1024K, 7 young (7168K), 7 survivors (7168K)
 Metaspace       used 112788K, committed 113664K, reserved 1179648K
  class space    used 15027K, committed 15424K, reserved 1048576K
}
Event: 955.185 GC heap before
{Heap before GC invocations=37 (full 0):
 garbage-first heap   total 243712K, used 204920K [0x0000000080000000, 0x0000000100000000)
  region size 1024K, 49 young (50176K), 7 survivors (7168K)
 Metaspace       used 114659K, committed 115520K, reserved 1179648K
  class space    used 15294K, committed 15680K, reserved 1048576K
}
Event: 955.195 GC heap after
{Heap after GC invocations=38 (full 0):
 garbage-first heap   total 243712K, used 168262K [0x0000000080000000, 0x0000000100000000)
  region size 1024K, 5 young (5120K), 5 survivors (5120K)
 Metaspace       used 114659K, committed 115520K, reserved 1179648K
  class space    used 15294K, committed 15680K, reserved 1048576K
}
Event: 956.611 GC heap before
{Heap before GC invocations=38 (full 0):
 garbage-first heap   total 243712K, used 206150K [0x0000000080000000, 0x0000000100000000)
  region size 1024K, 42 young (43008K), 5 survivors (5120K)
 Metaspace       used 115912K, committed 116864K, reserved 1179648K
  class space    used 15422K, committed 15872K, reserved 1048576K
}
Event: 956.621 GC heap after
{Heap after GC invocations=39 (full 0):
 garbage-first heap   total 243712K, used 177785K [0x0000000080000000, 0x0000000100000000)
  region size 1024K, 6 young (6144K), 6 survivors (6144K)
 Metaspace       used 115912K, committed 116864K, reserved 1179648K
  class space    used 15422K, committed 15872K, reserved 1048576K
}
Event: 957.305 GC heap before
{Heap before GC invocations=39 (full 0):
 garbage-first heap   total 243712K, used 206457K [0x0000000080000000, 0x0000000100000000)
  region size 1024K, 33 young (33792K), 6 survivors (6144K)
 Metaspace       used 116819K, committed 117696K, reserved 1179648K
  class space    used 15512K, committed 15936K, reserved 1048576K
}
Event: 957.314 GC heap after
{Heap after GC invocations=40 (full 0):
 garbage-first heap   total 243712K, used 190228K [0x0000000080000000, 0x0000000100000000)
  region size 1024K, 5 young (5120K), 5 survivors (5120K)
 Metaspace       used 116819K, committed 117696K, reserved 1179648K
  class space    used 15512K, committed 15936K, reserved 1048576K
}
Event: 957.453 GC heap before
{Heap before GC invocations=40 (full 0):
 garbage-first heap   total 243712K, used 213780K [0x0000000080000000, 0x0000000100000000)
  region size 1024K, 21 young (21504K), 5 survivors (5120K)
 Metaspace       used 117383K, committed 118336K, reserved 1179648K
  class space    used 15569K, committed 16000K, reserved 1048576K
}
Event: 957.458 GC heap after
{Heap after GC invocations=41 (full 0):
 garbage-first heap   total 243712K, used 193041K [0x0000000080000000, 0x0000000100000000)
  region size 1024K, 3 young (3072K), 3 survivors (3072K)
 Metaspace       used 117383K, committed 118336K, reserved 1179648K
  class space    used 15569K, committed 16000K, reserved 1048576K
}

